h:\информационная безопасность\lab4\lab4\x64\debug\vc143.pdb
h:\информационная безопасность\lab4\lab4\x64\debug\vc143.idb
h:\информационная безопасность\lab4\lab4\x64\debug\lab4.obj
h:\информационная безопасность\lab4\lab4\x64\debug\lab4.ilk
h:\информационная безопасность\lab4\x64\debug\lab4.pdb
h:\информационная безопасность\lab4\x64\debug\lab4.exe
h:\информационная безопасность\lab4\lab4\x64\debug\lab4.tlog\cl.read.1.tlog
h:\информационная безопасность\lab4\lab4\x64\debug\lab4.tlog\cl.write.1.tlog
h:\информационная безопасность\lab4\lab4\x64\debug\lab4.tlog\cl.command.1.tlog
h:\информационная безопасность\lab4\lab4\x64\debug\lab4.tlog\link.read.3.tlog
h:\информационная безопасность\lab4\lab4\x64\debug\lab4.tlog\link.write.1.tlog
h:\информационная безопасность\lab4\lab4\x64\debug\lab4.tlog\link.secondary.1.tlog
h:\информационная безопасность\lab4\lab4\x64\debug\lab4.tlog\link.command.1.tlog
h:\информационная безопасность\lab4\lab4\x64\debug\lab4.tlog\cl.items.tlog
h:\информационная безопасность\lab4\lab4\x64\debug\lab4.tlog\link.read.2.tlog
h:\информационная безопасность\lab4\lab4\x64\debug\lab4.tlog\link.read.1.tlog
h:\информационная безопасность\lab4\lab4\x64\debug\lab4.tlog\link-rc.read.1.tlog
h:\информационная безопасность\lab4\lab4\x64\debug\lab4.tlog\link-rc.write.1.tlog
h:\информационная безопасность\lab4\lab4\x64\debug\lab4.tlog\link-cvtres.read.1.tlog
h:\информационная безопасность\lab4\lab4\x64\debug\lab4.tlog\link-cvtres.write.1.tlog
